<?xml version="1.0" encoding="UTF-8"?>
<testsuite xmlns:xsi="http://www.w3.org/2001/XMLSchema-instance" xsi:noNamespaceSchemaLocation="https://maven.apache.org/surefire/maven-surefire-plugin/xsd/surefire-test-report.xsd" name="CucumberRunnerTest" time="152.177" tests="48" errors="0" skipped="0" failures="0">
  <properties>
[...]
</properties>
  <testcase name="I have opened the application main page url: &quot;http://automationpractice.com/index.php&quot;" classname="User should not be logged into the application with incorrect credentials" time="13.691"/>
  <testcase name="I have opened the login page" classname="User should not be logged into the application with incorrect credentials" time="3.501"/>
  <testcase name="I will enter &quot;user1&quot; as username and &quot;qwerty&quot; as password and try to login" classname="User should not be logged into the application with incorrect credentials" time="2.283"/>
  <testcase name="I will be promted error message" classname="User should not be logged into the application with incorrect credentials" time="0.056"/>
  <testcase name="I&apos;m not logged into the application" classname="User should not be logged into the application with incorrect credentials" time="0.117"/>
  <testcase name="User should not be logged into the application with incorrect credentials" classname="User should not be logged into the application with incorrect credentials" time="0.117"/>
  <testcase name="I have opened the application main page url: &quot;http://automationpractice.com/index.php&quot;" classname="User should be logged into the application with correct credentials" time="12.705"/>
  <testcase name="I have opened the login page" classname="User should be logged into the application with correct credentials" time="3.518"/>
  <testcase name="I will enter &quot;user1@login.ee&quot; as username and &quot;qwertyqwerty&quot; as password and try to login" classname="User should be logged into the application with correct credentials" time="3.055"/>
  <testcase name="I&apos;m logged into the application" classname="User should be logged into the application with correct credentials" time="0.046"/>
  <testcase name="I log off successfully" classname="User should be logged into the application with correct credentials" time="3.536"/>
  <testcase name="User should be logged into the application with correct credentials" classname="User should be logged into the application with correct credentials" time="3.536"/>
  <testcase name="I have opened the application main page url: &quot;http://automationpractice.com/index.php&quot;" classname="User should not be logged into the application with list of incorrect credentials" time="13.195"/>
  <testcase name="I have opened the application main page url: &quot;http://automationpractice.com/index.php&quot;" classname="User should not be logged into the application with list of incorrect credentials" time="11.632"/>
  <testcase name="I have opened the application main page url: &quot;http://automationpractice.com/index.php&quot;" classname="User should not be logged into the application with list of incorrect credentials" time="11.754"/>
  <testcase name="I have opened the application main page url: &quot;http://automationpractice.com/index.php&quot;" classname="User should not be logged into the application with list of incorrect credentials" time="12.254"/>
  <testcase name="I have opened the application main page url: &quot;http://automationpractice.com/index.php&quot;" classname="User should not be logged into the application with list of incorrect credentials" time="13.328"/>
  <testcase name="I have opened the application main page url: &quot;http://automationpractice.com/index.php&quot;" classname="User should not be logged into the application with list of incorrect credentials" time="13.325"/>
  <testcase name="I have opened the login page" classname="User should not be logged into the application with list of incorrect credentials" time="3.792"/>
  <testcase name="I have opened the login page" classname="User should not be logged into the application with list of incorrect credentials" time="3.748"/>
  <testcase name="I have opened the login page" classname="User should not be logged into the application with list of incorrect credentials" time="3.374"/>
  <testcase name="I have opened the login page" classname="User should not be logged into the application with list of incorrect credentials" time="3.398"/>
  <testcase name="I have opened the login page" classname="User should not be logged into the application with list of incorrect credentials" time="3.427"/>
  <testcase name="I have opened the login page" classname="User should not be logged into the application with list of incorrect credentials" time="3.419"/>
  <testcase name="I will enter the Email  and Password " classname="User should not be logged into the application with list of incorrect credentials" time="1.953"/>
  <testcase name="I will be promted error message" classname="User should not be logged into the application with list of incorrect credentials" time="0.04"/>
  <testcase name="I will be promted error message" classname="User should not be logged into the application with list of incorrect credentials" time="0.042"/>
  <testcase name="I will be promted error message" classname="User should not be logged into the application with list of incorrect credentials" time="0.041"/>
  <testcase name="I will be promted error message" classname="User should not be logged into the application with list of incorrect credentials" time="0.04"/>
  <testcase name="I will be promted error message" classname="User should not be logged into the application with list of incorrect credentials" time="0.039"/>
  <testcase name="I will be promted error message" classname="User should not be logged into the application with list of incorrect credentials" time="0.044"/>
  <testcase name="I&apos;m not logged into the application" classname="User should not be logged into the application with list of incorrect credentials" time="0.115"/>
  <testcase name="I&apos;m not logged into the application" classname="User should not be logged into the application with list of incorrect credentials" time="0.112"/>
  <testcase name="I&apos;m not logged into the application" classname="User should not be logged into the application with list of incorrect credentials" time="0.106"/>
  <testcase name="I&apos;m not logged into the application" classname="User should not be logged into the application with list of incorrect credentials" time="0.112"/>
  <testcase name="I&apos;m not logged into the application" classname="User should not be logged into the application with list of incorrect credentials" time="0.118"/>
  <testcase name="I&apos;m not logged into the application" classname="User should not be logged into the application with list of incorrect credentials" time="0.101"/>
  <testcase name="User should not be logged into the application with list of incorrect credentials" classname="User should not be logged into the application with list of incorrect credentials" time="0.115"/>
  <testcase name="User should not be logged into the application with list of incorrect credentials" classname="User should not be logged into the application with list of incorrect credentials" time="0.112"/>
  <testcase name="User should not be logged into the application with list of incorrect credentials" classname="User should not be logged into the application with list of incorrect credentials" time="0.106"/>
  <testcase name="User should not be logged into the application with list of incorrect credentials" classname="User should not be logged into the application with list of incorrect credentials" time="0.112"/>
  <testcase name="User should not be logged into the application with list of incorrect credentials" classname="User should not be logged into the application with list of incorrect credentials" time="0.118"/>
  <testcase name="User should not be logged into the application with list of incorrect credentials" classname="User should not be logged into the application with list of incorrect credentials" time="0.101"/>
  <testcase name="I will enter the Email user1 and Password " classname="User should not be logged into the application with list of incorrect credentials" time="1.93"/>
  <testcase name="I will enter the Email  and Password qwerty" classname="User should not be logged into the application with list of incorrect credentials" time="1.942"/>
  <testcase name="I will enter the Email user2 and Password qwerty" classname="User should not be logged into the application with list of incorrect credentials" time="1.944"/>
  <testcase name="I will enter the Email user3 and Password *" classname="User should not be logged into the application with list of incorrect credentials" time="1.808"/>
  <testcase name="I will enter the Email user4@login.ee and Password qwerty" classname="User should not be logged into the application with list of incorrect credentials" time="2.074"/>
</testsuite>